<?xml version="1.0" encoding="UTF-8"?>
<!-- Generated by org.testng.reporters.JUnitReportReporter -->
<testsuite skipped="0" hostname="DESKTOP-41E6SSA" name="com.parabank.testsuite.LoginPageTest" tests="4" failures="0" timestamp="2023-06-30T22:11:33 BST" time="31.124" errors="0">
  <testcase name="verifyErrorMessageWithInvalidCredentials" time="9.845" classname="com.parabank.testsuite.LoginPageTest"/>
  <system-out>
    <![CDATA[Click on Login LinkBy.cssSelector: input[value='Log In']<br>
Enter email IDtest123@gmail.com]]>
  </system-out>
  <testcase name="userShouldLogOutSuccessfully" time="7.913" classname="com.parabank.testsuite.LoginPageTest"/>
  <system-out>
    <![CDATA[Click on Login LinkBy.cssSelector: input[value='Log In']<br>
Enter email IDtest23]]>
  </system-out>
  <testcase name="verifyUserShouldNavigateToLoginPage" time="5.870" classname="com.parabank.testsuite.LoginPageTest"/>
  <system-out>
    <![CDATA[Click on Login LinkBy.cssSelector: input[value='Log In']<br>
get welcome textBy.cssSelector: .caption]]>
  </system-out>
  <testcase name="userShouldLoginSuccessfullyWithValidCredentials" time="7.496" classname="com.parabank.testsuite.LoginPageTest"/>
  <system-out>
    <![CDATA[Click on Login LinkBy.cssSelector: input[value='Log In']<br>
Enter email IDtest23]]>
  </system-out>
</testsuite> <!-- com.parabank.testsuite.LoginPageTest -->
