<?xml version="1.0" encoding="UTF-8"?>
<!-- Generated by org.testng.reporters.JUnitReportReporter -->
<testsuite skipped="0" hostname="DESKTOP-41E6SSA" name="com.parabank.testsuite.RegisterPageTest" tests="2" failures="0" timestamp="2023-06-30T21:50:33 BST" time="23.758" errors="0">
  <testcase name="verifyThatSigningUpPageDisplay" time="13.600" classname="com.parabank.testsuite.RegisterPageTest"/>
  <system-out>
    <![CDATA[Click on Login LinkBy.cssSelector: input[value='Log In']<br>]]>
  </system-out>
  <testcase name="userShouldRegisterAccountSuccessfully" time="10.158" classname="com.parabank.testsuite.RegisterPageTest"/>
  <system-out>
    <![CDATA[Click on Login LinkBy.cssSelector: input[value='Log In']<br>
Enter email IDMahesh
Enter email IDHirpara
Enter email IDCroydon
Enter email IDUK
Enter email IDLondon
Enter zipCodeSW1 DFS
Enter zipCode121211
Enter email ID23232
Enter email IDtest23
Enter email IDtest1
Enter email IDtest1]]>
  </system-out>
</testsuite> <!-- com.parabank.testsuite.RegisterPageTest -->
